<?xml version="1.0" encoding="UTF-8"?>
<testng-results ignored="0" total="1" passed="1" failed="0" skipped="0">
  <reporter-output>
  </reporter-output>
  <suite started-at="2025-04-08T23:42:17 EDT" name="Default suite" finished-at="2025-04-08T23:43:29 EDT" duration-ms="71774">
    <groups>
    </groups>
    <test started-at="2025-04-08T23:42:17 EDT" name="Default test" finished-at="2025-04-08T23:43:29 EDT" duration-ms="71774">
      <class name="mobileAutomation.Appium.AppiumAndroidTest">
        <test-method signature="AppiumTest()[pri:0, instance:mobileAutomation.Appium.AppiumAndroidTest@3febb011]" started-at="2025-04-08T23:42:17 EDT" name="AppiumTest" finished-at="2025-04-08T23:43:29 EDT" duration-ms="71734" status="PASS">
          <reporter-output>
          </reporter-output>
        </test-method> <!-- AppiumTest -->
      </class> <!-- mobileAutomation.Appium.AppiumAndroidTest -->
    </test> <!-- Default test -->
  </suite> <!-- Default suite -->
</testng-results>
